15/08 02:45:03 INFO READ KEY FILE MATRIX
 ---------------------------------
 | +0001 | +0002 | +0003 | +0005 |
 ---------------------------------
 | +0003 | +0003 | +0005 | +0004 |
 ---------------------------------
 | +0005 | +0005 | +0008 | +0009 |
 ---------------------------------

15/08 02:45:03 INFO CONVERT PIVOT 1 TO 1
 ---------------------------------------------
 | +001.000 | +002.000 | +003.000 | +005.000 |
 ---------------------------------------------
 | +003.000 | +003.000 | +005.000 | +004.000 |
 ---------------------------------------------
 | +005.000 | +005.000 | +008.000 | +009.000 |
 ---------------------------------------------

15/08 02:45:03 INFO GET DIFFERENCE BETWEEN PIVOT 1 AND [1][0] COEFFICIENT
 ---------------------------------------------
 | +001.000 | +002.000 | +003.000 | +005.000 |
 ---------------------------------------------
 | +000.000 | +003.000 | +005.000 | +004.000 |
 ---------------------------------------------
 | +005.000 | +005.000 | +008.000 | +009.000 |
 ---------------------------------------------

15/08 02:45:03 INFO GET DIFFERENCE BETWEEN PIVOT 1 AND [1][1] COEFFICIENT
 ---------------------------------------------
 | +001.000 | +002.000 | +003.000 | +005.000 |
 ---------------------------------------------
 | +000.000 | -003.000 | +005.000 | +004.000 |
 ---------------------------------------------
 | +005.000 | +005.000 | +008.000 | +009.000 |
 ---------------------------------------------

15/08 02:45:03 INFO GET DIFFERENCE BETWEEN PIVOT 1 AND [1][2] COEFFICIENT
 ---------------------------------------------
 | +001.000 | +002.000 | +003.000 | +005.000 |
 ---------------------------------------------
 | +000.000 | -003.000 | -004.000 | +004.000 |
 ---------------------------------------------
 | +005.000 | +005.000 | +008.000 | +009.000 |
 ---------------------------------------------

15/08 02:45:03 INFO GET DIFFERENCE BETWEEN PIVOT 1 AND [1][3] COEFFICIENT
 ---------------------------------------------
 | +001.000 | +002.000 | +003.000 | +005.000 |
 ---------------------------------------------
 | +000.000 | -003.000 | -004.000 | -011.000 |
 ---------------------------------------------
 | +005.000 | +005.000 | +008.000 | +009.000 |
 ---------------------------------------------

15/08 02:45:03 INFO GET DIFFERENCE BETWEEN PIVOT 1 AND [2][0] COEFFICIENT
 ---------------------------------------------
 | +001.000 | +002.000 | +003.000 | +005.000 |
 ---------------------------------------------
 | +000.000 | -003.000 | -004.000 | -011.000 |
 ---------------------------------------------
 | +000.000 | +005.000 | +008.000 | +009.000 |
 ---------------------------------------------

15/08 02:45:03 INFO GET DIFFERENCE BETWEEN PIVOT 1 AND [2][1] COEFFICIENT
 ---------------------------------------------
 | +001.000 | +002.000 | +003.000 | +005.000 |
 ---------------------------------------------
 | +000.000 | -003.000 | -004.000 | -011.000 |
 ---------------------------------------------
 | +000.000 | -005.000 | +008.000 | +009.000 |
 ---------------------------------------------

15/08 02:45:03 INFO GET DIFFERENCE BETWEEN PIVOT 1 AND [2][2] COEFFICIENT
 ---------------------------------------------
 | +001.000 | +002.000 | +003.000 | +005.000 |
 ---------------------------------------------
 | +000.000 | -003.000 | -004.000 | -011.000 |
 ---------------------------------------------
 | +000.000 | -005.000 | -007.000 | +009.000 |
 ---------------------------------------------

15/08 02:45:03 INFO GET DIFFERENCE BETWEEN PIVOT 1 AND [2][3] COEFFICIENT
 ---------------------------------------------
 | +001.000 | +002.000 | +003.000 | +005.000 |
 ---------------------------------------------
 | +000.000 | -003.000 | -004.000 | -011.000 |
 ---------------------------------------------
 | +000.000 | -005.000 | -007.000 | -016.000 |
 ---------------------------------------------

15/08 02:45:03 INFO CONVERT PIVOT 2 TO 1
 ---------------------------------------------
 | +001.000 | +002.000 | +003.000 | +005.000 |
 ---------------------------------------------
 | -000.000 | +001.000 | +001.333 | +003.667 |
 ---------------------------------------------
 | +000.000 | -005.000 | -007.000 | -016.000 |
 ---------------------------------------------

15/08 02:45:03 INFO GET DIFFERENCE BETWEEN PIVOT 2 AND [2][0] COEFFICIENT
 ---------------------------------------------
 | +001.000 | +002.000 | +003.000 | +005.000 |
 ---------------------------------------------
 | -000.000 | +001.000 | +001.333 | +003.667 |
 ---------------------------------------------
 | +000.000 | -005.000 | -007.000 | -016.000 |
 ---------------------------------------------

15/08 02:45:03 INFO GET DIFFERENCE BETWEEN PIVOT 2 AND [2][1] COEFFICIENT
 ---------------------------------------------
 | +001.000 | +002.000 | +003.000 | +005.000 |
 ---------------------------------------------
 | -000.000 | +001.000 | +001.333 | +003.667 |
 ---------------------------------------------
 | +000.000 | +000.000 | -007.000 | -016.000 |
 ---------------------------------------------

15/08 02:45:03 INFO GET DIFFERENCE BETWEEN PIVOT 2 AND [2][2] COEFFICIENT
 ---------------------------------------------
 | +001.000 | +002.000 | +003.000 | +005.000 |
 ---------------------------------------------
 | -000.000 | +001.000 | +001.333 | +003.667 |
 ---------------------------------------------
 | +000.000 | +000.000 | -000.333 | -016.000 |
 ---------------------------------------------

15/08 02:45:03 INFO GET DIFFERENCE BETWEEN PIVOT 2 AND [2][3] COEFFICIENT
 ---------------------------------------------
 | +001.000 | +002.000 | +003.000 | +005.000 |
 ---------------------------------------------
 | -000.000 | +001.000 | +001.333 | +003.667 |
 ---------------------------------------------
 | +000.000 | +000.000 | -000.333 | +002.333 |
 ---------------------------------------------

15/08 02:45:03 INFO CONVERT PIVOT 3 TO 1
 ---------------------------------------------
 | +001.000 | +002.000 | +003.000 | +005.000 |
 ---------------------------------------------
 | -000.000 | +001.000 | +001.333 | +003.667 |
 ---------------------------------------------
 | -000.000 | -000.000 | +001.000 | -007.000 |
 ---------------------------------------------

15/08 02:45:03 INFO GET DIFFERENCE BETWEEN PIVOT 3 AND [1][0] COEFFICIENT
 ---------------------------------------------
 | +001.000 | +002.000 | +003.000 | +005.000 |
 ---------------------------------------------
 | +000.000 | +001.000 | +001.333 | +003.667 |
 ---------------------------------------------
 | -000.000 | -000.000 | +001.000 | -007.000 |
 ---------------------------------------------

15/08 02:45:03 INFO GET DIFFERENCE BETWEEN PIVOT 3 AND [1][1] COEFFICIENT
 ---------------------------------------------
 | +001.000 | +002.000 | +003.000 | +005.000 |
 ---------------------------------------------
 | +000.000 | +001.000 | +001.333 | +003.667 |
 ---------------------------------------------
 | -000.000 | -000.000 | +001.000 | -007.000 |
 ---------------------------------------------

15/08 02:45:03 INFO GET DIFFERENCE BETWEEN PIVOT 3 AND [1][2] COEFFICIENT
 ---------------------------------------------
 | +001.000 | +002.000 | +003.000 | +005.000 |
 ---------------------------------------------
 | +000.000 | +001.000 | +000.000 | +003.667 |
 ---------------------------------------------
 | -000.000 | -000.000 | +001.000 | -007.000 |
 ---------------------------------------------

15/08 02:45:03 INFO GET DIFFERENCE BETWEEN PIVOT 3 AND [1][3] COEFFICIENT
 ---------------------------------------------
 | +001.000 | +002.000 | +003.000 | +005.000 |
 ---------------------------------------------
 | +000.000 | +001.000 | +000.000 | +013.000 |
 ---------------------------------------------
 | -000.000 | -000.000 | +001.000 | -007.000 |
 ---------------------------------------------

15/08 02:45:03 INFO GET DIFFERENCE BETWEEN PIVOT 3 AND [0][0] COEFFICIENT
 ---------------------------------------------
 | +001.000 | +002.000 | +003.000 | +005.000 |
 ---------------------------------------------
 | +000.000 | +001.000 | +000.000 | +013.000 |
 ---------------------------------------------
 | -000.000 | -000.000 | +001.000 | -007.000 |
 ---------------------------------------------

15/08 02:45:03 INFO GET DIFFERENCE BETWEEN PIVOT 3 AND [0][1] COEFFICIENT
 ---------------------------------------------
 | +001.000 | +002.000 | +003.000 | +005.000 |
 ---------------------------------------------
 | +000.000 | +001.000 | +000.000 | +013.000 |
 ---------------------------------------------
 | -000.000 | -000.000 | +001.000 | -007.000 |
 ---------------------------------------------

15/08 02:45:03 INFO GET DIFFERENCE BETWEEN PIVOT 3 AND [0][2] COEFFICIENT
 ---------------------------------------------
 | +001.000 | +002.000 | +000.000 | +005.000 |
 ---------------------------------------------
 | +000.000 | +001.000 | +000.000 | +013.000 |
 ---------------------------------------------
 | -000.000 | -000.000 | +001.000 | -007.000 |
 ---------------------------------------------

15/08 02:45:03 INFO GET DIFFERENCE BETWEEN PIVOT 3 AND [0][3] COEFFICIENT
 ---------------------------------------------
 | +001.000 | +002.000 | +000.000 | +026.000 |
 ---------------------------------------------
 | +000.000 | +001.000 | +000.000 | +013.000 |
 ---------------------------------------------
 | -000.000 | -000.000 | +001.000 | -007.000 |
 ---------------------------------------------

15/08 02:45:03 INFO RESOLVE X VALUE OF ROW 1
 ---------------------------------------------
 | +001.000 | +000.000 | +000.000 | -000.000 |
 ---------------------------------------------
 | +000.000 | +001.000 | +000.000 | +013.000 |
 ---------------------------------------------
 | -000.000 | -000.000 | +001.000 | -007.000 |
 ---------------------------------------------

15/08 02:45:04 INFO ROUND ARRAY
[0.000] [13.000] [-7.000] 
